12
14
1
1
1
1
1
1
1
1
1
1
1
1
4 0 2 (-192.000000 -192.000000 0.000000) (-192.000000 -256.000000 0.000000) (-192.000000 -256.000000 128.000000) (-192.000000 -192.000000 128.000000) 
4 0 1 (-192.000000 544.000000 160.000000) (-192.000000 544.000000 0.000000) (-192.000000 64.000000 0.000000) (-192.000000 64.000000 160.000000) 
4 1 3 (-224.000000 96.000000 160.000000) (-224.000000 544.000000 160.000000) (-224.000000 544.000000 -0.000000) (-224.000000 96.000000 0.000000) 
4 2 4 (-224.000000 -256.000000 -0.000000) (-224.000000 -256.000000 128.000000) (-224.000000 -192.000000 128.000000) (-224.000000 -192.000000 0.000000) 
4 3 5 (-288.000000 96.000000 160.000000) (-288.000000 544.000000 160.000000) (-288.000000 544.000000 -0.000000) (-288.000000 96.000000 0.000000) 
4 4 6 (-288.000000 -256.000000 -0.000000) (-288.000000 -256.000000 160.000000) (-288.000000 64.000000 160.000000) (-288.000000 64.000000 0.000000) 
4 5 8 (-320.000000 544.000000 5.000000) (-320.000000 544.000000 -0.000000) (-320.000000 416.000000 0.000000) (-320.000000 416.000000 5.000000) 
4 5 7 (-320.000000 544.000000 160.000000) (-320.000000 544.000000 5.000000) (-320.000000 416.000000 5.000000) (-320.000000 416.000000 160.000000) 
4 7 11 (-352.000000 416.000000 160.000000) (-1152.000000 416.000000 160.000000) (-1152.000000 416.000000 5.000000) (-352.000000 416.000000 5.000000) 
4 7 9 (-354.500000 416.000000 5.000000) (-1152.000000 416.000000 5.000000) (-1152.000000 544.000000 5.000000) (-354.500000 544.000000 5.000000) 
4 7 8 (-320.000000 416.000000 5.000000) (-350.500000 416.000000 5.000000) (-350.500000 544.000000 5.000000) (-320.000000 544.000000 5.000000) 
4 9 11 (-354.500000 416.000000 5.000000) (-1152.000000 416.000000 5.000000) (-1152.000000 416.000000 -0.000000) (-354.500000 416.000000 0.000000) 
4 9 10 (-1152.000000 416.000000 0.000000) (-1152.000000 544.000000 0.000000) (-354.500000 544.000000 0.000000) (-354.500000 416.000000 0.000000) 
4 10 11 (-1152.000000 416.000000 -128.000000) (-512.000000 416.000000 -128.000000) (-352.000000 416.000000 0.000000) (-1152.000000 416.000000 -0.000000) 
