hlcsg v3.4 VL33 (Feb  2 2014)
Zoner's Half-Life Compilation Tools -- Custom Build
Based on code modifications by Sean 'Zoner' Cavanaugh
Based on Valve's version, modified with permission.
Submit detailed bug reports to (vluzacn@163.com)
-----  BEGIN  hlcsg -----
Command line: "C:/Program Files/J.A.C.K./halflife/hlcsg.exe" "C:\Program Files (x86)\Steam\steamapps\common\Half-Life\Sandbox\maps\MyFirstMap" 
Arguments: "C:\Program Files (x86)\Steam\steamapps\common\Half-Life\Sandbox\maps\MyFirstMap" -low -wadautodetect 
Entering C:\Program Files (x86)\Steam\steamapps\common\Half-Life\Sandbox\maps\MyFirstMap.map

Current hlcsg Settings
Name                 |  Setting  |  Default
---------------------|-----------|-------------------------
threads               [       6 ] [  Varies ]
verbose               [     off ] [     off ]
log                   [      on ] [      on ]
reset logfile         [      on ] [      on ]
developer             [       0 ] [       0 ]
chart                 [     off ] [     off ]
estimate              [     off ] [     off ]
max texture memory    [ 33554432 ] [ 33554432 ]
max lighting memory   [ 50331648 ] [ 50331648 ]
priority              [     Low ] [  Normal ]

noclip                [     off ] [     off ]
null texture stripping[      on ] [      on ]
clipnode economy mode [     off ] [     off ]
clip hull type        [  simple ] [  simple ]
onlyents              [     off ] [     off ]
wadtextures           [      on ] [      on ]
skyclip               [      on ] [      on ]
hullfile              [    None ] [    None ]
wad configuration file[    None ] [    None ]
wad.cfg group name    [    None ] [    None ]
nullfile              [    None ] [    None ]
nullify trigger       [      on ] [      on ]
min surface area      [   0.000 ] [   0.000 ]
brush union threshold [   0.000 ] [   0.000 ]
map scaling           [    None ] [    None ]
light name optimize   [      on ] [      on ]
UTF8 game_text        [      on ] [      on ]

Using mapfile wad configuration
Wadfiles not in use by the map will be excluded
Wadinclude list :
[zhlt.wad]

CreateBrush:
 (0.00 seconds)
CSGBrush:
 (0.01 seconds)

Using Wadfile: \Program Files (x86)\Steam\steamapps\common\Half-Life\valve\halflife.wad
 - Contains 6 used textures, 100.00 percent of map (3116 textures in wad)

Wad files required to run the map: "halflife.wad;"
Texture usage is at 0.12 mb (of 32.00 mb MAX)
0.04 seconds elapsed

-----   END   hlcsg -----



hlbsp v3.4 VL33 (Feb  2 2014)
Zoner's Half-Life Compilation Tools -- Custom Build
Based on code modifications by Sean 'Zoner' Cavanaugh
Based on Valve's version, modified with permission.
Submit detailed bug reports to (vluzacn@163.com)
-----  BEGIN  hlbsp -----
Command line: "C:/Program Files/J.A.C.K./halflife/hlbsp.exe" "C:\Program Files (x86)\Steam\steamapps\common\Half-Life\Sandbox\maps\MyFirstMap" 
Arguments: "C:\Program Files (x86)\Steam\steamapps\common\Half-Life\Sandbox\maps\MyFirstMap" -low -chart 

Current hlbsp Settings
Name               |  Setting  |  Default
-------------------|-----------|-------------------------
threads             [       6 ] [  Varies ]
verbose             [     off ] [     off ]
log                 [      on ] [      on ]
developer           [       0 ] [       0 ]
chart               [      on ] [     off ]
estimate            [     off ] [     off ]
max texture memory  [ 33554432 ] [ 33554432 ]
priority            [     Low ] [  Normal ]

noclip              [     off ] [     off ]
nofill              [     off ] [     off ]
noinsidefill        [     off ] [     off ]
noopt               [     off ] [     off ]
no clipnode merging [     off ] [     off ]
null tex. stripping [      on ] [      on ]
notjunc             [     off ] [     off ]
nobrink             [     off ] [     off ]
subdivide size      [     240 ] [     240 ] (Min 64) (Max 512)
max node size       [    1024 ] [    1024 ] (Min 64) (Max 65536)
remove hull 2       [     off ] [     off ]


SolidBSP [hull 0] 65 (0.00 seconds)
BSP generation successful, writing portal file 'C:\Program Files (x86)\Steam\steamapps\common\Half-Life\Sandbox\maps\MyFirstMap.prt'
SolidBSP [hull 1] 79 (0.01 seconds)
SolidBSP [hull 2] 73 (0.00 seconds)
SolidBSP [hull 3] 76 (0.00 seconds)
Reduced 103 clipnodes to 100
Reduced 38 texinfos to 20
Reduced 6 texdatas to 5 (268 bytes to 224)
Reduced 296 planes to 84
FixBrinks:
Increased 100 clipnodes to 100.

Object names  Objects/Maxobjs  Memory / Maxmem  Fullness
------------  ---------------  ---------------  --------
models              2/512          128/32768    ( 0.4%)
planes             84/32768       1680/655360   ( 0.3%)
vertexes          259/65535       3108/786420   ( 0.4%)
nodes              35/32767        840/786408   ( 0.1%)
texinfos           20/32767        800/1310680  ( 0.1%)
faces             176/65535       3520/1310700  ( 0.3%)
* worldfaces      170/32768          0/0        ( 0.5%)
clipnodes         100/32767        800/262136   ( 0.3%)
leaves             19/32760        532/917280   ( 0.1%)
* worldleaves      12/8192           0/0        ( 0.1%)
marksurfaces      201/65535        402/131070   ( 0.3%)
surfedges         866/512000      3464/2048000  ( 0.2%)
edges             434/256000      1736/1024000  ( 0.2%)
texdata          [variable]        224/33554432 ( 0.0%)
lightdata        [variable]          0/50331648 ( 0.0%)
visdata          [variable]          0/8388608  ( 0.0%)
entdata          [variable]       1173/2097152  ( 0.1%)
* AllocBlock        2/64             0/0        ( 3.1%)
5 textures referenced
=== Total BSP file data space used: 18407 bytes ===
Wad files required to run the map: "halflife.wad;"
0.07 seconds elapsed

-----   END   hlbsp -----



hlvis v3.4 VL33 (Feb  2 2014)
Zoner's Half-Life Compilation Tools -- Custom Build
Based on code modifications by Sean 'Zoner' Cavanaugh
Based on Valve's version, modified with permission.
Submit detailed bug reports to (vluzacn@163.com)
-----  BEGIN  hlvis -----
Command line: "C:/Program Files/J.A.C.K./halflife/hlvis.exe" "C:\Program Files (x86)\Steam\steamapps\common\Half-Life\Sandbox\maps\MyFirstMap" 
Arguments: "C:\Program Files (x86)\Steam\steamapps\common\Half-Life\Sandbox\maps\MyFirstMap" -low 
  12 portalleafs
  14 numportals

-= Current hlvis Settings =-
Name               |  Setting  |  Default
-------------------|-----------|-------------------------
threads             [       6 ] [  Varies ]
verbose             [     off ] [     off ]
log                 [      on ] [      on ]
developer           [       0 ] [       0 ]
chart               [     off ] [     off ]
estimate            [     off ] [     off ]
max texture memory  [ 33554432 ] [ 33554432 ]
max vis distance    [       0 ] [       0 ]
priority            [     Low ] [  Normal ]

fast vis            [     off ] [     off ]
full vis            [     off ] [     off ]


BasePortalVis:
 (0.00 seconds)
LeafThread:
 (0.00 seconds)
average leafs visible: 7
g_visdatasize:27  compressed from 24
0.02 seconds elapsed

-----   END   hlvis -----



hlrad v3.4 VL33 (Feb  2 2014)
Zoner's Half-Life Compilation Tools -- Custom Build
Based on code modifications by Sean 'Zoner' Cavanaugh
Based on Valve's version, modified with permission.
Submit detailed bug reports to (vluzacn@163.com)
-----  BEGIN  hlrad -----
Command line: "C:/Program Files/J.A.C.K./halflife/hlrad.exe" "C:\Program Files (x86)\Steam\steamapps\common\Half-Life\Sandbox\maps\MyFirstMap" 
Arguments: "C:\Program Files (x86)\Steam\steamapps\common\Half-Life\Sandbox\maps\MyFirstMap" -low 

-= Current hlrad Settings =-
Name                | Setting             | Default
--------------------|---------------------|-------------------------
threads              [                 6 ] [            Varies ]
verbose              [               off ] [               off ]
log                  [                on ] [                on ]
developer            [                 0 ] [                 0 ]
chart                [               off ] [               off ]
estimate             [               off ] [               off ]
max texture memory   [          33554432 ] [          33554432 ]
max lighting memory  [          50331648 ] [          50331648 ]
priority             [               Low ] [            Normal ]

fast rad             [               off ] [               off ]
vismatrix algorithm  [            Sparse ] [            Sparse ]
oversampling (-extra)[               off ] [               off ]
bounces              [                 8 ] [                 8 ]
ambient light        [ 0.000 0.000 0.000 ] [ 0.000 0.000 0.000 ]
light limit threshold[           188.000 ] [           188.000 ]
circus mode          [               off ] [               off ]

smoothing threshold  [            50.000 ] [            50.000 ]
smoothing threshold 2[         no change ] [         no change ]
direct threshold     [            10.000 ] [            10.000 ]
direct light scale   [             1.000 ] [             1.000 ]
coring threshold     [             0.010 ] [             0.010 ]
patch interpolation  [                on ] [                on ]

texscale             [                on ] [                on ]
patch subdividing    [                on ] [                on ]
chop value           [            64.000 ] [            64.000 ]
texchop value        [            32.000 ] [            32.000 ]

global fade          [             1.000 ] [             1.000 ]
global light scale   [ 2.000 2.000 2.000 ] [ 2.000 2.000 2.000 ]
global gamma         [ 0.550 0.550 0.550 ] [ 0.550 0.550 0.550 ]
global light scale   [             2.000 ] [             2.000 ]
global sky diffusion [             1.000 ] [             1.000 ]

spread angles        [                on ] [                on ]
opaque entities      [                on ] [                on ]
sky lighting fix     [                on ] [                on ]
incremental          [               off ] [               off ]
dump                 [               off ] [               off ]

colour jitter        [       0.0 0.0 0.0 ] [       0.0 0.0 0.0 ]
monochromatic jitter [       0.0 0.0 0.0 ] [       0.0 0.0 0.0 ]

custom shadows with bounce light
                     [               off ] [               off ]
rgb transfers        [               off ] [               off ]
minimum final light  [                 0 ] [                 0 ]
size of transfer     [         1 (16bit) ] [         1 (16bit) ]
size of rgbtransfer  [         2 (32bit) ] [         2 (32bit) ]
soft sky             [                on ] [                on ]
translucent depth    [             2.000 ] [             2.000 ]
block opaque         [                on ] [                on ]
ignore textures      [               off ] [               off ]
reflectivity gamma   [             1.760 ] [             1.760 ]
reflectivity scale   [             0.700 ] [             0.700 ]
blur size            [             1.500 ] [             1.500 ]
no emitter range     [               off ] [               off ]
wall bleeding fix    [                on ] [                on ]


Load Textures:
Using Wadfile: C:\Program Files (x86)\Steam\steamapps\common\Half-Life\Sandbox\maps\MyFirstMap.wa_
5 textures referenced
Reading texlights from 'C:\Program Files\J.A.C.K\halflife\lights.rad'
0 opaque models
0 opaque faces
176 faces
Create Patches : 1431 base patches
29976 square feet [4316644.00 square inches]
4 direct lights and 0 fast direct lights
1 light styles

FindFacePositions:
 (0.05 seconds)
BuildFacelights:
 (0.08 seconds)
BuildVisLeafs:
 (0.07 seconds)
visibility matrix   :   0.3 megs
MakeScales:
 (0.06 seconds)
Transfer Lists :      744919 :   744.92k transfers
       Indices :      101956 :    99.57k bytes
          Data :     1494128 :     1.42M bytes
Bounce 1 GatherLight:
 (0.00 seconds)
Bounce 2 GatherLight:
 (0.01 seconds)
Bounce 3 GatherLight:
 (0.01 seconds)
Bounce 4 GatherLight:
 (0.00 seconds)
Bounce 5 GatherLight:
 (0.01 seconds)
Bounce 6 GatherLight:
 (0.00 seconds)
Bounce 7 GatherLight:
 (0.00 seconds)
Bounce 8 GatherLight:
 (0.00 seconds)
CreateTriangulations:
 (0.01 seconds)
AddPatchLights:
 (0.19 seconds)
FinalLightFace:
 (0.00 seconds)
0.66 seconds elapsed

-----   END   hlrad -----



